IS0HZB%%IS0HZB%2023/09/30 21:39:20%Room%000000000000000000000000000000000000%%0%%%%%
IT9SWH-ND%17846%IT9SWH%2023/10/01 18:31:21%Room%000000000000000000000000000000000000%%0%%%%%
IR0CZ-RP%18727%IR0CZ%2023/09/30 22:39:49%Room%000000000000000000000000000000000000%%0%%%%%
BM_LNK-ND%22230%BM_LNK%2023/10/01 18:29:28%Room%000000000000000000000000000000000000%%0%%%%%
IQ0ID-ND%31686%IQ0ID%2023/09/30 21:34:31%Room%000000000000000000000000000000000000%%0%%%%%
IZ1MKB-ND%34067%IZ1MKB%2023/09/30 11:34:20%Room%000000000000000000000000000000000000%%0%%%%%
IR9ZZX-RP%34202%IT9HLC%2023/10/02 12:24:17%Room%000000000000000000000000000000000000%%0%%%%%
IR0K-RP%34224%IR0K%2023/09/30 22:26:55%Room%000000000000000000000000000000000000%%0%%%%%
IU2DWL-ND%34686%IU2DWL%2023/09/28 17:59:25%Room%000000000000000000000000000000000000%%0%%%%%
IS0HZB-PDN%78742%IS0HZB%2023/09/30 21:35:19%Room%000000000000000000000000000000000000%%0%%%%%
IK0TUM-ND%95125%IK0TUM%2023/07/26 16:26:54%Room%000000000000000000000000000000000000%%0%%%%%
IW8FER-ND%96096%IW8FER%2023/10/01 18:33:05%Room%000000000000000000000000000000000000%%0%%%%%
I0YYA%E0C4W%I0YYA%2023/10/02 14:17:20%Room%000000000000000000000000000000000000%%0%%%%%
IS0CAK%EBMx4%IS0CAK%2023/10/02 14:29:55%Room%5339505759327F58616C2151000000000000%N:39 07' 55" / E:009 00' 41"%0%%%%%
IS0QLX%EBehH%IS0QLX%2023/10/01 12:42:47%Room%5339515753347E55246C216D000000000000%N:39 17' 20" / E:008 57' 05"%5%%%%%
IS0HME/FT5%EBiii%IS0HME/FT5%2023/09/30 16:53:10%Room%000000000000000000000000000000000000%%0%%%%%
IR4UCA-RP%31663%IR4UCA%2023/08/02 09:12:47%Room%000000000000000000000000000000000000%%0%%%%%
IU8EKN%F0B5S%IU8EKN%2023/08/09 19:30:00%Room%000000000000000000000000000000000000%%0%%%%%
IQ0ID-ND1%37316%IQ0ID/100%2023/08/13 13:56:38%Room%000000000000000000000000000000000000%%0%%%%%
IW6NBX-NOD%95490%IW6NBX%2023/08/13 20:20:16%Room%000000000000000000000000000000000000%%0%%%%%
IK0TUM/400%F0JkU%IK0TUM/400%2023/09/30 22:27:23%Room%543155513633283D2C6C0000000000000000%N:41 51' 38" / E:012 33' 10"%0%%%%%
IT9ICM/400%F0RaS%IT9ICM/400%2023/10/01 04:50:12%Room%533850543635293A716C2046000000000000%N:38 04' 39" / E:013 30' 51"%1%%%%%
IS0HZB%F0meZ%IS0HZB%2023/10/01 19:21:25%Room%000000000000000000000000000000000000%%0%%%%%
IU2DWL%FA151%IU2DWL%2023/09/28 18:05:19%Room%5436505852377F374D6C2200000000000000%N:46 08' 16" / E:009 27' 29"%2%%%%%
IS0HZE%HFCNQ%IS0HZE%2023/08/13 22:18:13%Room%000000000000000000000000000000000000%%0%%%%%
IQ0ID%F05gD%IQ0ID%2023/08/14 16:39:00%Room%5339515358347F293F6C215F000000000000%N:39 13' 50" / E:009 13' 21"%0%%%%%
IS0GQX-PDN%34640%IS0GQX%2023/08/17 12:39:11%Room%000000000000000000000000000000000000%%0%%%%%
JF1IRQ-ND%39382%JF1IRQ%2023/08/18 09:01:29%Room%000000000000000000000000000000000000%%0%%%%%
IS0GQX%EA2M2%IS0GQX%2023/08/18 12:28:14%Room%5339515759387F284A6C215F000000000000%N:39 17' 59" / E:009 12' 28"%0%%%%%
IU0FOH-ND%18869%IU0FOH%2023/08/20 10:04:01%Room%000000000000000000000000000000000000%%0%%%%%
IS0IYX%EAdeC%IS0IYX%2023/08/20 19:18:46%Room%5339515257317F26486C2141000000000000%N:39 12' 43" / E:009 10' 26"%0%%%%%
IS0AIT%G0KlO%IS0AIT%2023/08/20 19:27:00%Room%000000000000000000000000000000000000%%0%%%%%
IU8QRL-ND%95908%IU8QRL%2023/08/20 21:36:44%Room%000000000000000000000000000000000000%%0%%%%%
DJ3FE-ND%76668%DJ3FE%2023/08/20 22:18:59%Room%000000000000000000000000000000000000%%0%%%%%
IS0YXL%F53iv%IS0YXL%2023/08/21 18:42:55%Room%5339525654347F3C376C2144000000000000%N:39 26' 26" / E:009 32' 16"%0%%%%%
IS0YXL-991%G0eNU%IS0YXL-991%2023/08/23 16:55:36%Room%5339525654317F3C386C0000000000000000%N:39 26' 25" / E:009 32' 17"%0%%%%%
IZ8TPU-ND%57620%IZ8TPU%2023/08/23 17:37:36%Room%000000000000000000000000000000000000%%0%%%%%
IZ8TPU-400%F0oou%IZ8TPU-400%2023/08/23 17:37:46%Room%000000000000000000000000000000000000%%0%%%%%
IS0IOA-100%F5faW%IS0IOA-100%2023/08/23 18:51:14%Room%5339525652397F3C506C213C000000000000%N:39 26' 17" / E:009 32' 31"%0%%%%%
IR4UA-ND%79315%IR4UA-RP%2023/08/24 13:04:51%Room%000000000000000000000000000000000000%%0%%%%%
IS0GVH%H5CHL%IS0GVH%2023/08/25 15:21:01%Room%000000000000000000000000000000000000%%0%%%%%
IS0HZE%E5SzQ%IS0HZE%2023/08/26 12:31:36%Room%000000000000000000000000000000000000%%0%%%%%
IW6BFH-991%G0IjE%IW6BFH-991%2023/08/30 16:58:50%Room%000000000000000000000000000000000000%%0%%%%%
IW0ANL-ND%95042%IW0ANL%2023/08/31 18:12:41%Room%000000000000000000000000000000000000%%0%%%%%
IR6BC-RP%17980%IR6BC%2023/08/31 18:29:43%Room%000000000000000000000000000000000000%%0%%%%%
IR0CJ-ND%76293%IR0CJ%2023/09/01 10:31:48%Room%000000000000000000000000000000000000%%0%%%%%
IW0ANL%F0lZO%IW0ANL%2023/09/01 10:56:09%Room%543155513738283E7C6C2200000000000000%N:41 51' 47" / E:012 34' 58"%0%%%%%
IS0GVH-ND%34722%IS0GVH%2023/09/04 15:19:50%Room%000000000000000000000000000000000000%%0%%%%%
IS0EIR%H5C41%IS0EIR%2023/09/07 16:34:45%Room%000000000000000000000000000000000000%%0%%%%%
IR0UDA-RP%31385%IR0UDA%2023/09/10 19:27:07%Room%000000000000000000000000000000000000%%0%%%%%
IT9VJO-ND%77724%IT9VJO%2023/09/15 21:58:09%Room%000000000000000000000000000000000000%%0%%%%%
IT9VJO/400%F06bw%IT9VJO/400%2023/09/15 21:58:53%Room%000000000000000000000000000000000000%%0%%%%%
IS0GOI%F0dXW%IS0GOI%2023/09/16 18:23:16%Room%5339515750387F29796C2323000000000000%N:39 17' 05" / E:009 13' 56"%0%%%%%
IU8EKN-ND%37952%IU8EKN/400%2023/09/19 19:31:26%Room%000000000000000000000000000000000000%%0%%%%%
IU7RBN-ND%96066%IU7RBN%2023/09/20 14:42:05%Room%000000000000000000000000000000000000%%0%%%%%
IS0GVH/100%F583D%IS0GVH/100%2023/09/22 12:15:33%Room%5430515359317F5F3D6C0000000000000000%N:40 13' 55" / E:009 07' 20"%0%%%%%
IS0HME%FAZmw%IS0HME%2023/09/23 22:12:02%Room%000000000000000000000000000000000000%%0%%%%%
IS0IYX%G0ErT%IS0IYX%2023/09/25 11:32:34%Room%000000000000000000000000000000000000%%0%%%%%
IQ4JO-ND%18673%IQ4JO%2023/09/25 18:55:08%Room%000000000000000000000000000000000000%%0%%%%%
IK0TUM/FT3%EAMdn%IK0TUM/FT3%2023/09/25 18:55:15%Room%000000000000000000000000000000000000%%0%%%%%
IS0NHS-400%F0lmd%IS0NHS-400%2023/09/26 12:02:01%Room%5339515551377F5E2D6C2038000000000000%N:39 15' 10" / E:009 06' 10"%0%%%%%
IS0NHS-FT3%EAa37%IS0NHS-FT3%2023/09/26 19:02:01%Room%5339505953377F59216C2356000000000000%N:39 09' 22" / E:009 01' 03"%0%%%%%
IS0GQX%F0Dkl%IS0GQX%2023/10/02 13:11:46%Room%5339515759387F284A6C0000000000000000%N:39 17' 59" / E:009 12' 28"%5%%%%%
IS0HHA/725%HFLWJ%IS0HHA/725%2023/09/30 10:02:51%Room%000000000000000000000000000000000000%%0%%%%%
