IZ8TPU-400%F0oou%IZ8TPU-400%2023/08/23 17:37:46%Room%%%
IS0IOA-100%F5faW%IS0IOA-100%2023/08/23 18:51:14%Room%%N:39 26' 17" / E:009 32' 31"%
IR4UA-ND%79315%IR4UA-RP%2023/08/24 13:04:51%Room%%%
IS0GVH%H5CHL%IS0GVH%2023/08/25 15:21:01%Room%%%
IS0HZE%E5SzQ%IS0HZE%2023/08/26 12:31:36%Room%%%
IW6BFH-991%G0IjE%IW6BFH-991%2023/08/30 16:58:50%Room%%%
IW0ANL-ND%95042%IW0ANL%2023/08/31 18:12:41%Room%%%
IR6BC-RP%17980%IR6BC%2023/08/31 18:29:43%Room%%%
IR0CJ-ND%76293%IR0CJ%2023/09/01 10:31:48%Room%%%
IW0ANL%F0lZO%IW0ANL%2023/09/01 10:56:09%Room%%N:41 51' 47" / E:012 34' 58"%
IS0GVH-ND%34722%IS0GVH%2023/09/04 15:19:50%Room%%%
IS0EIR%H5C41%IS0EIR%2023/09/07 16:34:45%Room%%%
IR0UDA-RP%31385%IR0UDA%2023/09/10 19:27:07%Room%%%
IT9VJO-ND%77724%IT9VJO%2023/09/15 21:58:09%Room%%%
IT9VJO/400%F06bw%IT9VJO/400%2023/09/15 21:58:53%Room%%%
IS0GOI%F0dXW%IS0GOI%2023/09/16 18:23:16%Room%%N:39 17' 05" / E:009 13' 56"%
IU8EKN-ND%37952%IU8EKN/400%2023/09/19 19:31:26%Room%%%
IU7RBN-ND%96066%IU7RBN%2023/09/20 14:42:05%Room%%%
IS0GVH/100%F583D%IS0GVH/100%2023/09/22 12:15:33%Room%%N:40 13' 55" / E:009 07' 20"%
IS0HME%FAZmw%IS0HME%2023/09/23 22:12:02%Room%%%
IS0IYX%G0ErT%IS0IYX%2023/09/25 11:32:34%Room%%%
IQ4JO-ND%18673%IQ4JO%2023/09/25 18:55:08%Room%%%
IK0TUM/FT3%EAMdn%IK0TUM/FT3%2023/09/25 18:55:15%Room%%%
IS0NHS-400%F0lmd%IS0NHS-400%2023/09/26 12:02:01%Room%%N:39 15' 10" / E:009 06' 10"%
IS0NHS-FT3%EAa37%IS0NHS-FT3%2023/09/26 19:02:01%Room%%N:39 09' 22" / E:009 01' 03"%
IU2DWL-ND%34686%IU2DWL%2023/09/28 17:59:25%Room%%%
IU2DWL%FA151%IU2DWL%2023/09/28 18:05:19%Room%%N:46 08' 16" / E:009 27' 29"%
IS0HHA/725%HFLWJ%IS0HHA/725%2023/09/30 10:02:51%Room%%%
IZ1MKB-ND%34067%IZ1MKB%2023/09/30 11:34:20%Room%%%
IS0HME/FT5%EBiii%IS0HME/FT5%2023/09/30 16:53:10%Room%%%
IQ0ID-ND%31686%IQ0ID%2023/09/30 21:34:31%Room%%%
IS0HZB-PDN%78742%IS0HZB%2023/09/30 21:35:19%Room%%%
IS0HZB%%IS0HZB%2023/09/30 21:39:20%Room%%%
IR0K-RP%34224%IR0K%2023/09/30 22:26:55%Room%%%
IK0TUM/400%F0JkU%IK0TUM/400%2023/09/30 22:27:23%Room%%N:41 51' 38" / E:012 33' 10"%
IR0CZ-RP%18727%IR0CZ%2023/09/30 22:39:49%Room%%%
IT9ICM/400%F0RaS%IT9ICM/400%2023/10/01 04:50:12%Room%%N:38 04' 39" / E:013 30' 51"%
IS0QLX%EBehH%IS0QLX%2023/10/01 12:42:47%Room%%N:39 17' 20" / E:008 57' 05"%
BM_LNK-ND%22230%BM_LNK%2023/10/01 18:29:28%Room%%%
IT9SWH-ND%17846%IT9SWH%2023/10/01 18:31:21%Room%%%
IW8FER-ND%96096%IW8FER%2023/10/01 18:33:05%Room%%%
IS0HZB%F0meZ%IS0HZB%2023/10/01 19:21:25%Room%%%
IR9ZZX-RP%34202%IT9HLC%2023/10/02 12:24:17%Room%%%
IS0GQX%F0Dkl%IS0GQX%2023/10/02 13:11:46%Room%%N:39 17' 59" / E:009 12' 28"%
I0YYA%E0C4W%I0YYA%2023/10/02 14:17:20%Room%%%
IS0CAK%EBMx4%IS0CAK%2023/10/02 14:29:55%Room%%N:39 07' 55" / E:009 00' 41"%
I0YYA%E0C4W%I0YYA%2023/10/02 14:50:20%Room%%%
I0YYA%E0C4W%I0YYA%2023/10/02 14:51:20%Room%%%
I0YAV%E0C4W%I0YYA%2023/10/02 14:52:20%Room%%%
IS0EIR%E0C4W%I0YYA%2023/10/02 14:53:20%Room%%%
